[0mPOST /api/liste/utilisateur [32m200[0m 123.839 ms - 243[0m
[0mPOST /api/liste/utilisateur/cleapi [32m200[0m 58.942 ms - 91[0m
[0mPOST /api/liste/utilisateur/nouvellecle [31m500[0m 201.171 ms - 35[0m
[0mPOST /api/liste/utilisateur/cleapi [31m500[0m 62.656 ms - 61[0m
[0mPOST /api/liste/utilisateur/cleapi [31m500[0m 150.851 ms - 61[0m
[0mPOST /api/liste/utilisateur [31m500[0m 149.418 ms - 82[0m
[0mPOST /api/liste/utilisateur/cleapi [32m200[0m 140.760 ms - 95[0m
[0mPOST /api/liste/utilisateur/nouvellecle [32m200[0m 69.292 ms - 123[0m
[0mPOST /api/liste/utilisateur/cleapi [32m200[0m 58.475 ms - 95[0m
[0mGET /api/liste/taches?cle-api=cle1234567890breno [33m401[0m 6.952 ms - 66[0m
[0mGET /api/liste/taches?cle_api=cle1234567890breno [33m401[0m 0.786 ms - 66[0m
[0mGET /api/liste/taches?cle_api=cle1234567890breno [33m401[0m 0.282 ms - 66[0m
[0mGET /api/liste/taches?cle_api=cle1234567890breno [33m401[0m 0.212 ms - 66[0m
[0mGET /api/liste/taches [33m401[0m 0.337 ms - 66[0m
[0mGET /api/liste/taches [32m200[0m 104.717 ms - 13[0m
[0mGET /api/liste/taches [32m200[0m 197.843 ms - 47[0m
[0mGET /api/liste/taches [32m200[0m 205.240 ms - 164[0m
[0mGET /api/liste/taches [32m200[0m 100.864 ms - 164[0m
[0mGET /api/liste/taches [32m200[0m 242.597 ms - 164[0m
[0mGET /api/liste/taches [32m200[0m 74.437 ms - 316[0m
[0mGET /api/liste/taches [32m200[0m 170.735 ms - 316[0m
[0mGET /api/liste/taches [32m200[0m 65.650 ms - 620[0m
[0mGET /api/liste/taches [32m200[0m 65.758 ms - 620[0m
[0mGET /api/liste/taches [31m500[0m 73.041 ms - 52[0m
[0mGET /api/liste/taches [31m500[0m 62.111 ms - 52[0m
[0mGET /api/liste/taches [32m200[0m 66.473 ms - 166[0m
[0mGET /api/liste/taches [32m200[0m 106.483 ms - 166[0m
[0mGET /api/liste/taches [32m200[0m 62.446 ms - 166[0m
[0mGET /api/liste/taches?toutes=true [32m200[0m 71.982 ms - 314[0m
[0mGET /api/liste/taches [32m200[0m 69.041 ms - 166[0m
[0mGET /api/liste/taches?toutes=true [33m401[0m 0.275 ms - 62[0m
[0mGET /api/liste/taches?toutes=true [32m200[0m 170.838 ms - 314[0m
[0mGET /api/liste/taches?toutes=true [32m200[0m 93.792 ms - 52[0m
[0mGET /api/liste/taches [32m200[0m 2.096 ms - 35[0m
[0mGET /api/liste/taches [32m200[0m 104.081 ms - 35[0m
[0mGET /api/liste/taches?toutes=true [32m200[0m 2.462 ms - 52[0m
[0mGET /taches/1 [33m404[0m 2.301 ms - 147[0m
[0mGET /taches/1 [33m404[0m 2.005 ms - 147[0m
[0mGET /api/liste/taches [32m200[0m 120.840 ms - 35[0m
[0mGET /api/liste/taches?toutes=true [32m200[0m 2.452 ms - 52[0m
[0mGET /api/liste/taches/1 [32m200[0m 70.495 ms - 563[0m
[0mGET /api/liste/taches/1 [32m200[0m 171.328 ms - 563[0m
[0mGET /api/liste/taches?toutes=true [32m200[0m 3.768 ms - 52[0m
[0mGET /api/liste/taches/1 [32m200[0m 78.574 ms - 563[0m
[0mGET /api/liste/taches [32m200[0m 1.082 ms - 35[0m
[0mPOST /api/liste/taches/ajouter [33m404[0m 1.755 ms - 164[0m
[0mPOST /api/liste/taches/ajouter [31m500[0m 3.139 ms - 33[0m
[0mPOST /api/liste/taches/ajouter [32m201[0m 119.000 ms - 144[0m
[0mGET /api/liste/taches?toutes=true [32m200[0m 64.411 ms - 71[0m
[0mPOST /api/liste/taches/ajouter [32m201[0m 87.261 ms - 144[0m
[0mGET /api/liste/taches?toutes=true [32m200[0m 3.871 ms - 90[0m
[0mDELETE /api/liste/taches/delete/1 [31m500[0m 73.131 ms - 53[0m
[0mDELETE /api/liste/taches/delete/1 [31m500[0m 83.909 ms - 53[0m
[0mDELETE /api/liste/taches/delete/1 [31m500[0m 194.575 ms - 53[0m
[0mDELETE /api/liste/taches/delete/1 [31m500[0m 184.096 ms - 53[0m
[0mDELETE /api/liste/taches/delete/1 [31m500[0m 65.818 ms - 53[0m
[0mDELETE /api/liste/taches/delete/2 [31m500[0m 3.737 ms - 53[0m
[0mDELETE /api/liste/taches/delete/2 [33m404[0m 178.328 ms - 32[0m
[0mGET /api/liste/taches/2 [32m200[0m 63.138 ms - 20[0m
[0mGET /api/liste/taches/3 [32m200[0m 1.279 ms - 20[0m
[0mGET /api/liste/taches/5 [32m200[0m 1.165 ms - 20[0m
[0mGET /api/liste/taches/4 [32m200[0m 1.308 ms - 20[0m
[0mGET /api/liste/taches/1 [32m200[0m 2.202 ms - 20[0m
[0mGET /api/liste/taches/1 [32m200[0m 1.914 ms - 20[0m
[0mGET /api/liste/taches/1 [32m200[0m 1.864 ms - 20[0m
[0mGET /api/liste/taches [32m200[0m 1.756 ms - 50[0m
[0mPOST /api/liste/taches/ajouter [32m201[0m 68.966 ms - 142[0m
[0mGET /api/liste/taches [32m200[0m 1.923 ms - 67[0m
[0mDELETE /api/liste/taches/delete/7 [33m404[0m 2.913 ms - 32[0m
[0mGET /api/liste/taches [32m200[0m 0.896 ms - 67[0m
[0mGET /api/liste/taches/15 [32m200[0m 68.103 ms - 20[0m
[0mGET /api/liste/taches/14 [32m200[0m 1.163 ms - 20[0m
[0mGET /api/liste/taches/1 [32m200[0m 1.744 ms - 20[0m
[0mGET /api/liste/taches [32m200[0m 181.162 ms - 67[0m
[0mGET /api/liste/taches [32m200[0m 84.458 ms - 67[0m
[0mGET /api/liste/taches [32m200[0m 83.650 ms - 88[0m
[0mDELETE /api/liste/taches/delete/3 [32m200[0m 5.851 ms - 111[0m
[0mGET /api/liste/taches [32m200[0m 2.091 ms - 62[0m
[0mDELETE /api/liste/taches/delete/2 [33m404[0m 91.825 ms - 32[0m
[0mDELETE /api/liste/taches/delete/4 [32m200[0m 5.771 ms - 111[0m
[0mDELETE /api/liste/taches/delete/5 [32m200[0m 2.764 ms - 109[0m
[0mDELETE /api/liste/taches/delete/5 [33m404[0m 1.569 ms - 32[0m
[0mGET /api/liste/taches?toutes=true [32m200[0m 164.076 ms - 56[0m
[0mPOST /api/liste/utilisateur [32m200[0m 203.124 ms - 271[0m
[0mPOST /api/liste/utilisateur/cleapi [32m200[0m 131.212 ms - 101[0m
[0mPOST /api/liste/utilisateur/nouvellecle [32m200[0m 137.323 ms - 123[0m
[0mPOST /api/liste/utilisateur/cleapi [32m200[0m 59.303 ms - 101[0m
[0mPOST /api/liste/taches/ajouter [32m201[0m 69.044 ms - 145[0m
[0mGET /api/liste/taches [32m200[0m 72.645 ms - 32[0m
[0mGET /api/liste/taches/1 [32m200[0m 4.218 ms - 20[0m
[0mGET /api/liste/taches/2 [32m200[0m 1.124 ms - 20[0m
[0mGET /api/liste/taches/3 [32m200[0m 1.653 ms - 20[0m
[0mGET /api/liste/taches/7 [32m200[0m 1.003 ms - 20[0m
[0mGET /api/liste/taches/6 [32m200[0m 0.925 ms - 20[0m
[0mGET /api/liste/taches/5 [32m200[0m 0.832 ms - 20[0m
[0mGET /api/liste/taches/4 [32m200[0m 0.976 ms - 20[0m
[0mGET /api/liste/taches/ [32m200[0m 1.409 ms - 32[0m
[0mGET /api/liste/taches/3 [32m200[0m 165.540 ms - 20[0m
[0mGET /api/liste/taches/4 [32m200[0m 1.324 ms - 20[0m
[0mGET /api/liste/taches/ [32m200[0m 1.581 ms - 32[0m
[0mGET /api/liste/taches/8 [32m200[0m 173.250 ms - 20[0m
[0mGET /api/liste/taches/9 [32m200[0m 1.022 ms - 20[0m
[0mGET /api/liste/taches/10 [32m200[0m 1.943 ms - 20[0m
[0mGET /api/liste/taches/11 [32m200[0m 0.890 ms - 20[0m
[0mGET /api/liste/taches/0 [32m200[0m 1.056 ms - 20[0m
[0mGET /api/liste/taches/1 [32m200[0m 1.101 ms - 20[0m
[0mGET /api/liste/taches/12 [32m200[0m 1.310 ms - 20[0m
[0mGET /api/liste/taches/2 [32m200[0m 0.816 ms - 20[0m
[0mGET /api/liste/taches/3 [32m200[0m 1.043 ms - 20[0m
[0mGET /api/liste/taches/4 [32m200[0m 0.790 ms - 20[0m
[0mGET /api/liste/taches/5 [32m200[0m 0.791 ms - 20[0m
[0mGET /api/liste/taches/6 [32m200[0m 2.219 ms - 20[0m
[0mGET /api/liste/taches/7 [32m200[0m 0.802 ms - 20[0m
[0mGET /api/liste/taches/8 [32m200[0m 0.809 ms - 20[0m
[0mGET /api/liste/taches/9 [32m200[0m 1.863 ms - 20[0m
[0mGET /api/liste/taches/10 [32m200[0m 1.817 ms - 20[0m
[0mGET /api/liste/taches/11 [32m200[0m 0.851 ms - 20[0m
[0mGET /api/liste/taches/12 [32m200[0m 1.836 ms - 20[0m
[0mGET /api/liste/taches/13 [32m200[0m 1.025 ms - 20[0m
[0mGET /api/liste/taches/14 [32m200[0m 0.850 ms - 20[0m
[0mGET /api/liste/taches/15 [32m200[0m 0.805 ms - 20[0m
[0mGET /api/liste/taches/16 [32m200[0m 0.834 ms - 20[0m
[0mGET /api/liste/taches/17 [32m200[0m 1.614 ms - 20[0m
[0mGET /api/liste/taches/18 [32m200[0m 0.883 ms - 20[0m
[0mGET /api/liste/taches/19 [32m200[0m 0.788 ms - 20[0m
[0mGET /api/liste/taches/120 [32m200[0m 0.848 ms - 20[0m
[0mGET /api/liste/taches [32m200[0m 97.087 ms - 39[0m
[0mGET /api/liste/taches/6 [32m200[0m 4.479 ms - 20[0m
[0mGET /api/liste/taches [32m200[0m 66.116 ms - 39[0m
[0mPOST /api/liste/taches/ajouter [32m201[0m 58.372 ms - 149[0m
[0mGET /api/liste/taches [32m200[0m 3.908 ms - 70[0m
[0mGET /api/liste/taches/7 [32m200[0m 59.139 ms - 20[0m
[0mDELETE /api/liste/taches/delete/6 [33m404[0m 70.612 ms - 32[0m
[0mDELETE /api/liste/taches/delete/6 [32m200[0m 60.977 ms - 112[0m
[0mGET /api/liste/taches [32m200[0m 2.369 ms - 43[0m
[0mGET /api/liste/taches/7 [32m200[0m 58.480 ms - 20[0m
[0mGET /api/liste/taches/7 [32m200[0m 181.968 ms - 47[0m
[0mGET /api/liste/taches/7 [32m200[0m 92.814 ms - 256[0m
[0mGET /api/liste/taches?toutes=true [31m500[0m 63.403 ms - 56[0m
[0mGET /api/liste/taches?toutes=true [32m200[0m 58.278 ms - 43[0m
[0mGET /api/liste/taches/7 [32m200[0m 82.896 ms - 256[0m
[0mGET /api/liste/taches?toutes=true [32m200[0m 1.966 ms - 36[0m
[0mDELETE /api/liste/taches/delete/6 [33m404[0m 2.410 ms - 32[0m
[0mDELETE /api/liste/taches/delete/7 [32m200[0m 2.622 ms - 116[0m
[0mPOST /api/liste/taches/6/statut?complete=true [33m404[0m 2.984 ms - 165[0m
[0mGET /api/liste/taches?toutes=true [31m500[0m 101.670 ms - 56[0m
[0mGET /api/liste/taches?toutes=false [31m500[0m 65.321 ms - 56[0m
[0mGET /api/liste/taches?toutes=true [31m500[0m 2.965 ms - 56[0m
[0mPOST /api/liste/taches/ajouter [32m201[0m 73.764 ms - 149[0m
[0mPOST /api/liste/taches/ajouter [32m201[0m 2.456 ms - 153[0m
[0mGET /api/liste/taches [32m200[0m 1.896 ms - 78[0m
[0mGET /api/liste/taches?toutes=true [32m200[0m 2.245 ms - 78[0m
[0mPOST /api/liste/taches/8/statut?complete=true [33m404[0m 1.187 ms - 165[0m
[0mPUT /api/liste/taches/8/statut?complete=true [31m500[0m 1.478 ms - 1738[0m
[0mPUT /api/liste/taches/8/statut [33m400[0m 0.269 ms - 49[0m
[0mPUT /api/liste/taches/8/statut [33m400[0m 0.646 ms - 49[0m
[0mPUT /api/liste/taches/8/statut [31m500[0m 67.149 ms - 36[0m
[0mPUT /api/liste/taches/8/statut [31m500[0m 97.139 ms - 57[0m
[0mPUT /api/liste/taches/8/statut [32m200[0m 90.138 ms - 95[0m
[0mGET /api/liste/taches?toutes=true [32m200[0m 89.392 ms - 78[0m
[0mGET /api/liste/taches?toutes=true [32m200[0m 3.261 ms - 78[0m
[0mGET /api/liste/taches?toutes=false [32m200[0m 1.547 ms - 47[0m
[0mGET /api/liste/taches?toutes=true [32m200[0m 1.262 ms - 78[0m
[0mGET /api/liste/taches?toutes=true [32m200[0m 57.173 ms - 78[0m
[0mGET /api/liste/taches/8 [32m200[0m 4.181 ms - 255[0m
[0mGET /api/liste/taches/9 [32m200[0m 1.198 ms - 260[0m
[0mPUT /api/liste/taches/9/modifier [33m404[0m 2.557 ms - 166[0m
[0mGET /api/liste/taches?toutes=true [32m200[0m 91.443 ms - 78[0m
[0mPUT /api/liste/taches/9/modifier [33m404[0m 0.344 ms - 166[0m
[0mPUT /api/liste/taches/9/modifier [33m404[0m 0.173 ms - 166[0m
[0mPUT /api/liste/taches/9/modifier [33m404[0m 0.178 ms - 166[0m
[0mPUT /api/liste/taches/9/modifier [33m404[0m 0.362 ms - 166[0m
[0mPUT /api/liste/taches/9/modifier [33m404[0m 0.215 ms - 166[0m
[0mPUT /api/liste/taches/9/modifier [33m404[0m 0.138 ms - 166[0m
[0mPUT /api/liste/taches/9/modifier [33m404[0m 0.337 ms - 166[0m
[0mPUT /api/liste/taches/9/modifier [33m404[0m 0.167 ms - 166[0m
[0mPUT /api/liste/taches/9/modifier [33m404[0m 0.296 ms - 166[0m
[0mPUT /api/liste/taches/9/modifier [32m200[0m 99.134 ms - 231[0m
[0mPUT /api/liste/taches/9/modifier [32m200[0m 176.685 ms - 238[0m
[0mPOST /api/liste/utilisateur [32m200[0m 177.897 ms - 278[0m
[0mPOST /api/liste/utilisateur [33m400[0m 0.491 ms - 106[0m
[0mPOST /api/liste/utilisateur [33m400[0m 0.374 ms - 106[0m
[0mPOST /api/liste/utilisateur [32m200[0m 224.486 ms - 254[0m
[0mPOST /api/liste/utilisateur/cleapi [31m500[0m 75.992 ms - 57[0m
[0mPOST /api/liste/utilisateur/cleapi [31m500[0m 1.261 ms - 57[0m
[0mPOST /api/liste/utilisateur [32m200[0m 129.119 ms - 262[0m
[0mPOST /api/liste/utilisateur [33m400[0m 0.372 ms - 106[0m
[0mGET /api/liste/utilisateur [33m404[0m 2.565 ms - 160[0m
[0mGET /api/liste/ [33m404[0m 0.784 ms - 149[0m
[0mGET /api/liste/ [33m404[0m 6.476 ms - 149[0m
[0mGET /api/liste [33m404[0m 1.128 ms - 148[0m
[0mGET / [32m200[0m 5.940 ms - 40[0m
[0mGET /favicon.ico [33m404[0m 0.381 ms - 150[0m
[0mGET /api/liste/utilisateur [33m404[0m 0.591 ms - 160[0m
[0mPOST /api/liste/utilisateur/cleapi [33m400[0m 0.615 ms - 91[0m
[0mPOST /api/liste/utilisateur [33m400[0m 0.478 ms - 106[0m
[0mPOST /api/liste/utilisateur [33m400[0m 0.217 ms - 106[0m
[0mPOST /api/liste/utilisateur [33m400[0m 0.313 ms - 106[0m
[0mPOST /api/liste/utilisateur [32m200[0m 131.172 ms - 258[0m
[0mPOST /api/liste/utilisateur/cleapi [31m500[0m 61.204 ms - 57[0m
[0mPOST /api/liste/utilisateur/cleapi [32m200[0m 227.180 ms - 97[0m
[0mPOST /api/liste/utilisateur/cleapi [33m400[0m 0.435 ms - 91[0m
[0mPOST /api/liste/utilisateur [32m200[0m 112.986 ms - 261[0m
[0mPOST /api/liste/utilisateur/cleapi [32m200[0m 110.811 ms - 98[0m
[0mPOST /api/liste/utilisateur/cleapi [32m200[0m 228.049 ms - 98[0m
[0mPOST /api/liste/utilisateur/nouvellecle [32m200[0m 118.893 ms - 123[0m
[0mPOST /api/liste/utilisateur/nouvellecle [32m200[0m 233.864 ms - 123[0m
[0mPOST /api/liste/utilisateur/cleapi [32m200[0m 127.409 ms - 98[0m
[0mPOST /api/liste/utilisateur/nouvellecle [32m200[0m 143.486 ms - 123[0m
[0mPOST /api/liste/utilisateur/cleapi [33m400[0m 0.187 ms - 91[0m
[0mPOST /api/liste/utilisateur/cleapi [32m200[0m 110.273 ms - 98[0m
[0mPOST /api/liste/utilisateur/nouvellecle [32m200[0m 125.192 ms - 123[0m
[0mPOST /api/liste/utilisateur/cleapi [32m200[0m 145.497 ms - 98[0m
[0mPOST /api/liste/utilisateur/nouvellecle [31m500[0m 56.559 ms - 58[0m
[0mPOST /api/liste/utilisateur/nouvellecle [31m500[0m 0.941 ms - 58[0m
[0mPOST /api/liste/utilisateur/nouvellecle [31m500[0m 0.972 ms - 58[0m
[0mPOST /api/liste/utilisateur/nouvellecle [31m500[0m 0.782 ms - 58[0m
[0mPOST /api/liste/utilisateur/nouvellecle [31m500[0m 0.820 ms - 58[0m
[0mPOST /api/liste/utilisateur/nouvellecle [31m500[0m 0.801 ms - 58[0m
[0mPOST /api/liste/utilisateur/nouvellecle [31m500[0m 0.921 ms - 58[0m
[0mPOST /api/liste/utilisateur/nouvellecle [31m500[0m 0.812 ms - 58[0m
[0mPOST /api/liste/utilisateur/nouvellecle [31m500[0m 0.962 ms - 58[0m
[0mPOST /api/liste/utilisateur/nouvellecle [31m500[0m 0.896 ms - 58[0m
[0mPOST /api/liste/utilisateur/nouvellecle [31m500[0m 0.730 ms - 58[0m
[0mPOST /api/liste/utilisateur/nouvellecle [32m200[0m 59.367 ms - 123[0m
[0mPOST /api/liste/utilisateur/nouvellecle [31m500[0m 0.772 ms - 58[0m
[0mPOST /api/liste/utilisateur/nouvellecle [32m200[0m 75.815 ms - 123[0m
[0mPOST /api/liste/utilisateur/cleapi [32m200[0m 56.854 ms - 98[0m
[0mPOST /api/liste/utilisateur/cleapi [32m200[0m 115.065 ms - 98[0m
[0mPOST /api/liste/utilisateur/cleapi [32m200[0m 106.244 ms - 98[0m
[0mPOST /api/liste/utilisateur/nouvellecle [32m200[0m 144.240 ms - 123[0m
[0mPOST /api/liste/utilisateur [33m400[0m 0.239 ms - 106[0m
[0mPOST /api/liste/utilisateur [32m200[0m 110.820 ms - 249[0m
[0mPOST /api/liste/utilisateur/cleapi [33m400[0m 0.240 ms - 91[0m
[0mPOST /api/liste/utilisateur/cleapi [31m500[0m 79.139 ms - 57[0m
[0mPOST /api/liste/utilisateur/cleapi [31m500[0m 0.921 ms - 57[0m
[0mPOST /api/liste/utilisateur/cleapi [31m500[0m 1.306 ms - 57[0m
[0mPOST /api/liste/utilisateur/cleapi [31m500[0m 0.782 ms - 57[0m
[0mPOST /api/liste/utilisateur/cleapi [31m500[0m 0.690 ms - 57[0m
[0mPOST /api/liste/utilisateur/cleapi [31m500[0m 0.758 ms - 57[0m
[0mPOST /api/liste/utilisateur/cleapi [31m500[0m 0.893 ms - 57[0m
[0mPOST /api/liste/utilisateur/cleapi [31m500[0m 0.698 ms - 57[0m
[0mPOST /api/liste/utilisateur/cleapi [31m500[0m 0.823 ms - 57[0m
[0mPOST /api/liste/utilisateur/cleapi [31m500[0m 0.785 ms - 57[0m
[0mPOST /api/liste/utilisateur/cleapi [31m500[0m 0.970 ms - 57[0m
[0mPOST /api/liste/utilisateur/cleapi [31m500[0m 0.669 ms - 57[0m
[0mPOST /api/liste/utilisateur/cleapi [31m500[0m 0.665 ms - 57[0m
[0mPOST /api/liste/utilisateur/cleapi [31m500[0m 0.664 ms - 57[0m
[0mPOST /api/liste/utilisateur/cleapi [31m500[0m 0.767 ms - 57[0m
[0mPOST /api/liste/utilisateur/cleapi [31m500[0m 0.764 ms - 57[0m
[0mPOST /api/liste/utilisateur/cleapi [32m200[0m 55.100 ms - 98[0m
[0mPOST /api/liste/utilisateur [33m400[0m 0.265 ms - 106[0m
[0mPOST /api/liste/utilisateur [33m400[0m 0.247 ms - 106[0m
[0mPOST /api/liste/utilisateur [33m400[0m 0.237 ms - 106[0m
[0mPOST /api/liste/utilisateur [33m400[0m 0.228 ms - 106[0m
[0mPOST /api/liste/utilisateur [33m400[0m 0.177 ms - 106[0m
[0mPOST /api/liste/utilisateur [33m400[0m 0.188 ms - 106[0m
[0mPOST /api/liste/utilisateur [33m400[0m 0.185 ms - 106[0m
[0mPOST /api/liste/utilisateur [33m400[0m 0.229 ms - 106[0m
[0mPOST /api/liste/utilisateur [33m400[0m 0.165 ms - 106[0m
[0mPOST /api/liste/utilisateur [33m400[0m 0.199 ms - 106[0m
[0mPOST /api/liste/utilisateur [33m400[0m 0.158 ms - 106[0m
[0mPOST /api/liste/utilisateur [32m200[0m 116.337 ms - 239[0m
[0mPOST /api/liste/utilisateur/cleapi [33m400[0m 0.192 ms - 91[0m
[0mPOST /api/liste/utilisateur/cleapi [33m400[0m 0.267 ms - 91[0m
[0mPOST /api/liste/utilisateur/cleapi [31m500[0m 64.953 ms - 57[0m
[0mPOST /api/liste/utilisateur/cleapi [31m500[0m 0.863 ms - 57[0m
[0mPOST /api/liste/utilisateur/cleapi [31m500[0m 0.851 ms - 57[0m
[0mPOST /api/liste/utilisateur/cleapi [31m500[0m 0.964 ms - 57[0m
[0mPOST /api/liste/utilisateur/cleapi [31m500[0m 0.818 ms - 57[0m
[0mPOST /api/liste/utilisateur/cleapi [31m500[0m 1.157 ms - 57[0m
[0mPOST /api/liste/utilisateur/cleapi [31m500[0m 1.166 ms - 57[0m
[0mPOST /api/liste/utilisateur/cleapi [31m500[0m 0.927 ms - 57[0m
[0mPOST /api/liste/utilisateur/cleapi [31m500[0m 0.870 ms - 57[0m
[0mPOST /api/liste/utilisateur/cleapi [31m500[0m 0.951 ms - 57[0m
[0mPOST /api/liste/utilisateur/cleapi [31m500[0m 0.929 ms - 57[0m
[0mPOST /api/liste/utilisateur/cleapi [31m500[0m 0.833 ms - 57[0m
[0mPOST /api/liste/utilisateur/cleapi [31m500[0m 1.147 ms - 57[0m
[0mPOST /api/liste/utilisateur/cleapi [31m500[0m 0.809 ms - 57[0m
[0mPOST /api/liste/utilisateur/cleapi [31m500[0m 0.794 ms - 57[0m
[0mPOST /api/liste/utilisateur/cleapi [31m500[0m 1.084 ms - 57[0m
[0mPOST /api/liste/utilisateur/cleapi [31m500[0m 0.840 ms - 57[0m
[0mPOST /api/liste/utilisateur/cleapi [31m500[0m 0.676 ms - 57[0m
[0mPOST /api/liste/utilisateur/cleapi [31m500[0m 0.730 ms - 57[0m
[0mPOST /api/liste/utilisateur/cleapi [31m500[0m 0.877 ms - 57[0m
[0mPOST /api/liste/utilisateur/nouvellecle [32m200[0m 161.075 ms - 123[0m
[0mPOST /api/liste/utilisateur [32m200[0m 129.026 ms - 253[0m
[0mPOST /api/liste/utilisateur/cleapi [32m200[0m 56.469 ms - 96[0m
[0mPOST /api/liste/utilisateur/nouvellecle [32m200[0m 67.224 ms - 123[0m
[0mPOST /api/liste/utilisateur [32m200[0m 134.808 ms - 247[0m
[0mPOST /api/liste/utilisateur/cleapi [32m200[0m 128.163 ms - 98[0m
[0mPOST /api/liste/utilisateur/cleapi [32m200[0m 126.544 ms - 98[0m
[0mPOST /api/liste/utilisateur/cleapi [32m200[0m 78.828 ms - 98[0m
[0mPOST /api/liste/utilisateur/nouvellecle [31m500[0m 70.528 ms - 58[0m
[0mPOST /api/liste/utilisateur/nouvellecle [31m500[0m 67.925 ms - 58[0m
[0mPOST /api/liste/utilisateur/nouvellecle [32m200[0m 67.483 ms - 123[0m
[0mGET /api/liste/taches?toutes=true [31m500[0m 72.170 ms - 56[0m
[0mPOST /api/liste/utilisateur/cleapi [0m-[0m - ms - -[0m
[0mPOST /api/liste/taches/ajouter [0m-[0m - ms - -[0m
[0mPOST /api/liste/taches/ajouter [0m-[0m - ms - -[0m
[0mPOST /api/liste/taches/ajouter [0m-[0m - ms - -[0m
[0mPOST /api/liste/utilisateur/cleapi [32m200[0m 317.059 ms - 91[0m
[0mPOST /api/liste/taches/ajouter [32m201[0m 8.436 ms - 136[0m
[0mGET /api/liste/taches?toutes=true [32m200[0m 3.782 ms - 130[0m
[0mGET /api/liste/taches/9 [32m200[0m 71.778 ms - 47[0m
[0mGET /api/liste/taches/10 [32m200[0m 1.615 ms - 260[0m
[0mGET /api/liste/taches/14 [32m200[0m 1.225 ms - 47[0m
[0mGET /api/liste/taches/13 [32m200[0m 69.534 ms - 243[0m
[0mDELETE /api/liste/taches/delete/13 [32m200[0m 71.504 ms - 103[0m
[0mPUT /api/liste/taches/10/statut [31m500[0m 72.932 ms - 32[0m
[0mPUT /api/liste/taches/11/statut [32m200[0m 180.646 ms - 86[0m
[0mGET /api/liste/taches/11 [32m200[0m 68.743 ms - 259[0m
[0mGET /api/liste/taches/10 [32m200[0m 2.081 ms - 260[0m
[0mPUT /api/liste/taches/11/modifier [32m200[0m 70.171 ms - 239[0m
[0mGET /api/liste/taches/11 [32m200[0m 71.428 ms - 269[0m
[0mGET /api/liste/taches?toutes=true [32m200[0m 123.271 ms - 103[0m
[0mGET /api/liste/taches/11 [32m200[0m 6.084 ms - 248[0m
[0mPOST /api/liste/soustache/ajouter/11 [33m400[0m 1.489 ms - 84[0m
[0mPOST /api/liste/taches/11/soustache/ajouter [32m201[0m 200.952 ms - 83[0m
[0mPOST /api/liste/taches/11/soustache/ajouter [32m201[0m 90.323 ms - 86[0m
[0mGET /api/liste/taches/11 [32m200[0m 89.974 ms - 484[0m
[0mDELETE /api/liste/taches/11/soustache/delete/1 [33m404[0m 2.332 ms - 180[0m
[0mDELETE /api/liste/taches/11/soustache/delete/1 [33m404[0m 0.818 ms - 180[0m
[0mDELETE /api/liste/taches/11/soustache/delete/1 [31m500[0m 4.574 ms - 1677[0m
[0mDELETE /api/liste/taches/11/soustache/delete/1 [33m404[0m 94.921 ms - 32[0m
[0mDELETE /api/liste/taches/11/soustache/delete/2 [33m404[0m 66.483 ms - 32[0m
[0mDELETE /api/liste/taches/11/soustache/delete/2 [31m500[0m 183.662 ms - 58[0m
[0mDELETE /api/liste/taches/11/soustache/delete/2 [31m500[0m 80.727 ms - 58[0m
[0mDELETE /api/liste/taches/11/soustache/delete/2 [31m500[0m 201.879 ms - 58[0m
[0mDELETE /api/liste/taches/11/soustache/delete/2 [31m500[0m 90.943 ms - 58[0m
[0mDELETE /api/liste/taches/11/soustache/delete/1 [31m500[0m 65.542 ms - 58[0m
[0mDELETE /api/liste/taches/11/soustache/delete/4 [31m500[0m 4.190 ms - 58[0m
[0mDELETE /api/liste/taches/11/soustache/delete/1 [31m500[0m 2.111 ms - 58[0m
[0mGET /api/liste/taches/11 [32m200[0m 89.654 ms - 520[0m
[0mDELETE /api/liste/taches/11/soustache/delete/5 [32m200[0m 6.548 ms - 95[0m
[0mDELETE /api/liste/taches/11/soustache/delete/5 [31m500[0m 3.092 ms - 58[0m
[0mDELETE /api/liste/taches/11/soustache/delete/5 [31m500[0m 97.948 ms - 58[0m
[0mPUT /api/liste/taches/11/soustache/statut/:6 [33m400[0m 2.958 ms - 49[0m
[0mPUT /api/liste/taches/11/soustache/statut/:6 [31m500[0m 91.779 ms - 57[0m
[0mGET /api/liste/taches/11 [32m200[0m 68.804 ms - 270[0m
[0mPUT /api/liste/taches/11/soustache/statut/6 [31m500[0m 69.534 ms - 57[0m
[0mPUT /api/liste/taches/11/soustache/statut/6 [32m200[0m 98.284 ms - 95[0m
[0mGET /api/liste/taches/11 [32m200[0m 2.703 ms - 269[0m
[0mPUT /api/liste/taches/11/soustache/modifier/6 [32m200[0m 103.478 ms - 244[0m
[0mPUT /api/liste/taches/11/soustache/modifier/6 [32m200[0m 191.191 ms - 244[0m
[0mPUT /api/liste/taches/11/soustache/statut/6 [32m200[0m 93.453 ms - 96[0m
[0mPUT /api/liste/taches/11/soustache/modifier/6 [32m200[0m 3.783 ms - 248[0m
[0mPUT /api/liste/taches/11/soustache/modifier/6 [32m200[0m 193.514 ms - 248[0m
[0mGET /api/liste/taches/11 [32m200[0m 59.202 ms - 270[0m
[0mPUT /api/liste/taches/11/soustache/modifier/6 [31m500[0m 91.152 ms - 49[0m
[0mPUT /api/liste/taches/11/soustache/modifier/6 [32m200[0m 85.710 ms - 115[0m
[0mGET /api/liste/taches/11 [32m200[0m 75.353 ms - 269[0m
[0mPOST /api/liste/utilisateur [32m200[0m 154.338 ms - 257[0m
[0mPOST /api/liste/utilisateur/cleapi [32m200[0m 153.378 ms - 96[0m
[0mPOST /api/liste/utilisateur/nouvellecle [32m200[0m 158.914 ms - 123[0m
[0mPOST /api/liste/utilisateur [31m500[0m 125.338 ms - 59[0m
[0mPOST /api/liste/utilisateur [31m500[0m 130.570 ms - 59[0m
[0mPOST /api/liste/utilisateur [31m500[0m 107.062 ms - 59[0m
[0mPOST /api/liste/utilisateur [31m500[0m 110.074 ms - 59[0m
[0mPOST /api/liste/utilisateur [31m500[0m 138.703 ms - 59[0m
[0mPOST /api/liste/utilisateur [31m500[0m 213.287 ms - 60[0m
[0mPOST /api/liste/utilisateur [31m500[0m 92.386 ms - 60[0m
[0mPOST /api/liste/utilisateur [31m500[0m 132.256 ms - 60[0m
[0mPOST /api/liste/utilisateur [31m500[0m 133.528 ms - 60[0m
[0mPOST /api/liste/utilisateur [31m500[0m 151.121 ms - 57[0m
[0mPOST /api/liste/utilisateur [31m500[0m 127.955 ms - 57[0m
[0mPOST /api/liste/utilisateur [31m500[0m 152.206 ms - 57[0m
[0mPOST /api/liste/utilisateur [32m200[0m 142.648 ms - 251[0m
[0mPOST /api/liste/utilisateur [31m500[0m 171.652 ms - 57[0m
[0mPOST /api/liste/utilisateur [31m500[0m 146.710 ms - 57[0m
[0mPOST /api/liste/utilisateur [32m200[0m 120.210 ms - 319[0m
[0mPOST /api/liste/utilisateur [32m200[0m 104.627 ms - 318[0m
[0mGET / [36m304[0m 4.712 ms - -[0m
[0mGET /favicon.ico [33m404[0m 1.721 ms - 150[0m
[0mGET / [33m404[0m 3.889 ms - 139[0m
[0mGET /api [32m200[0m 2.234 ms - 40[0m
[0mGET /api [36m304[0m 3.238 ms - -[0m
[0mGET /api [36m304[0m 0.767 ms - -[0m
[0mGET /api [36m304[0m 4.794 ms - -[0m
[0mGET /favicon.ico [33m404[0m 1.997 ms - 150[0m
[0mGET /api [32m200[0m 0.358 ms - 40[0m
[0mGET /api [36m304[0m 0.273 ms - -[0m
[0mGET /api [36m304[0m 0.341 ms - -[0m
[0mPOST /api/liste/utilisateur [32m200[0m 173.846 ms - 247[0m
[0mPOST /api/liste/utilisateur?nom=Breno&prenom=Gomes&courriel=breno%40example.com&password=banane123 [31m500[0m 4.481 ms - 1629[0m
[0mPOST /api/liste/utilisateur?nom=Breno&prenom=Gomes&courriel=breno%40example.com&password=banane123 [31m500[0m 1.379 ms - 1629[0m
[0mGET /api [36m304[0m 3.809 ms - -[0m
[0mGET /favicon.ico [33m404[0m 1.296 ms - 150[0m
[0mPOST /api/liste/utilisateur?nom=Breno&prenom=Gomes&courriel=breno%40example.com&password=banane123 [31m500[0m 2.205 ms - 1629[0m
[0mPOST /api/liste/utilisateur?nom=Breno&prenom=Gomes&courriel=breno%40example.com&password=banane123 [31m500[0m 0.855 ms - 1629[0m
[0mPOST /api/liste/utilisateur [32m200[0m 275.868 ms - 232[0m
[0mPOST /api/liste/utilisateur/cleapi [32m200[0m 126.992 ms - 93[0m
[0mPOST /api/liste/utilisateur/nouvellecle [32m200[0m 131.622 ms - 123[0m
[0mPOST /api/liste/utilisateur/cleapi [32m200[0m 117.821 ms - 93[0m
[0mPOST /api/liste/taches/ajouter [32m201[0m 68.949 ms - 137[0m
[0mGET /api/liste/taches?toutes=true [32m200[0m 4.198 ms - 36[0m
[0mGET /api/liste/taches/14 [32m200[0m 71.024 ms - 244[0m
[0mPUT /api/liste/taches/14/statut [32m200[0m 60.516 ms - 86[0m
[0mGET /api/liste/taches/14 [32m200[0m 3.896 ms - 243[0m
[0mPUT /api/liste/taches/14/modifier [32m200[0m 68.017 ms - 239[0m
[0mPOST /api/liste/taches/14/soustache/ajouter [32m201[0m 64.311 ms - 84[0m
[0mGET /api/liste/taches/14 [32m200[0m 1.866 ms - 268[0m
[0mPUT /api/liste/taches/14/soustache/statut/7 [32m200[0m 76.123 ms - 95[0m
[0mGET /api/liste/taches/14 [32m200[0m 1.415 ms - 267[0m
[0mPUT /api/liste/taches/14/soustache/modifier/7 [32m200[0m 65.589 ms - 114[0m
[0mGET /api/liste/taches/14 [32m200[0m 1.585 ms - 268[0m
[0mPOST /api/liste/taches/14/soustache/ajouter [32m201[0m 3.993 ms - 85[0m
[0mGET /api/liste/taches/14 [32m200[0m 1.219 ms - 518[0m
[0mDELETE /api/liste/taches/14/soustache/delete/8 [32m200[0m 80.158 ms - 95[0m
[0mPOST /api/liste/taches/ajouter [32m201[0m 170.773 ms - 141[0m
[0mGET /api/liste/taches?toutes=true [32m200[0m 2.298 ms - 72[0m
[0mDELETE /api/liste/taches/delete/15 [32m200[0m 61.170 ms - 108[0m
[0mPOST /api/liste/utilisateur [32m200[0m 102.887 ms - 246[0m
[0mPOST /api/liste/utilisateur/cleapi [32m200[0m 56.579 ms - 101[0m
[0mPOST /api/liste/utilisateur/nouvellecle [32m200[0m 54.445 ms - 123[0m
